  askUser.c
C:\Users\shays\source\repos\Sudoku\Sudoku\askUser.c(18,7): warning C4013: 'strcmp' undefined; assuming extern returning int
C:\Users\shays\source\repos\Sudoku\Sudoku\askUser.c(52,40): warning C4047: 'function': 'int *' differs in levels of indirection from 'const int [9][9]'
C:\Users\shays\source\repos\Sudoku\Sudoku\askUser.c(52,40): warning C4024: 'staticToDynamic': different types for formal and actual parameter 1
C:\Users\shays\source\repos\Sudoku\Sudoku\askUser.c(91,17): warning C4047: '==': 'int' differs in levels of indirection from 'void *'
C:\Users\shays\source\repos\Sudoku\Sudoku\askUser.c(118,31): warning C4477: 'scanf_s' : format string '%c' requires an argument of type 'unsigned int', but variadic argument 2 has type 'size_t'
  C:\Users\shays\source\repos\Sudoku\Sudoku\askUser.c(118,31):
  this argument is used as a buffer size
  
C:\Users\shays\source\repos\Sudoku\Sudoku\askUser.c(142,8): warning C4047: 'initializing': 'char' differs in levels of indirection from 'void *'
  boardActions.c
C:\Users\shays\source\repos\Sudoku\Sudoku\boardActions.c(56,34): warning C4028: formal parameter 1 different from declaration
C:\Users\shays\source\repos\Sudoku\Sudoku\boardActions.c(58,8): warning C4244: 'function': conversion from 'time_t' to 'unsigned int', possible loss of data
C:\Users\shays\source\repos\Sudoku\Sudoku\boardActions.c(60,20): warning C4047: 'function': 'int **' differs in levels of indirection from 'int ***'
C:\Users\shays\source\repos\Sudoku\Sudoku\boardActions.c(60,20): warning C4024: 'createBoardValues': different types for formal and actual parameter 1
C:\Users\shays\source\repos\Sudoku\Sudoku\boardActions.c(60,54): warning C4020: 'createBoardValues': too many actual parameters
C:\Users\shays\source\repos\Sudoku\Sudoku\boardActions.c(65,31): warning C4028: formal parameter 1 different from declaration
C:\Users\shays\source\repos\Sudoku\Sudoku\boardActions.c(65,105): warning C4029: declared formal parameter list different from definition
C:\Users\shays\source\repos\Sudoku\Sudoku\boardActions.c(70,20): warning C4047: 'function': 'int **' differs in levels of indirection from 'int ****'
C:\Users\shays\source\repos\Sudoku\Sudoku\boardActions.c(70,20): warning C4024: 'emptySpacesSquare': different types for formal and actual parameter 1
C:\Users\shays\source\repos\Sudoku\Sudoku\boardActions.c(70,61): warning C4047: 'function': 'int' differs in levels of indirection from 'int *'
C:\Users\shays\source\repos\Sudoku\Sudoku\boardActions.c(70,61): warning C4024: 'emptySpacesSquare': different types for formal and actual parameter 6
C:\Users\shays\source\repos\Sudoku\Sudoku\boardActions.c(91,20): warning C4047: 'function': 'int *' differs in levels of indirection from 'int **'
C:\Users\shays\source\repos\Sudoku\Sudoku\boardActions.c(91,20): warning C4024: 'listOfValidPlaces': different types for formal and actual parameter 1
C:\Users\shays\source\repos\Sudoku\Sudoku\boardActions.c(91,43): warning C4047: 'function': 'int **' differs in levels of indirection from 'int ***'
C:\Users\shays\source\repos\Sudoku\Sudoku\boardActions.c(91,43): warning C4024: 'listOfValidPlaces': different types for formal and actual parameter 3
C:\Users\shays\source\repos\Sudoku\Sudoku\boardActions.c(104,29): warning C4047: 'function': 'int *' differs in levels of indirection from 'int **'
C:\Users\shays\source\repos\Sudoku\Sudoku\boardActions.c(104,29): warning C4024: 'randomListOrderOfPlaces': different types for formal and actual parameter 1
  main.c
C:\Users\shays\source\repos\Sudoku\Sudoku\main.c(25,24): warning C4047: 'function': 'int **' differs in levels of indirection from 'int ***'
C:\Users\shays\source\repos\Sudoku\Sudoku\main.c(25,24): warning C4024: 'randomizeBoardValues': different types for formal and actual parameter 1
C:\Users\shays\source\repos\Sudoku\Sudoku\main.c(28,21): warning C4047: 'function': 'int **' differs in levels of indirection from 'int ***'
C:\Users\shays\source\repos\Sudoku\Sudoku\main.c(28,21): warning C4024: 'gamePlay': different types for formal and actual parameter 1
  Generating Code...
  Sudoku.vcxproj -> C:\Users\shays\source\repos\Sudoku\x64\Debug\Sudoku.exe
